[debug] [2022-08-01T07:05:31.837Z] ----------------------------------------------------------------------
[debug] [2022-08-01T07:05:31.841Z] Command:       C:\Program Files\nodejs\node.exe C:\Users\ataki\AppData\Roaming\npm\node_modules\firebase-tools\lib\bin\firebase.js init
[debug] [2022-08-01T07:05:31.843Z] CLI Version:   11.4.0
[debug] [2022-08-01T07:05:31.843Z] Platform:      win32
[debug] [2022-08-01T07:05:31.843Z] Node Version:  v16.15.0
[debug] [2022-08-01T07:05:31.844Z] Time:          Mon Aug 01 2022 10:05:31 GMT+0300 (East Africa Time)
[debug] [2022-08-01T07:05:31.845Z] ----------------------------------------------------------------------
[debug] 
[debug] [2022-08-01T07:05:32.009Z] > command requires scopes: ["email","openid","https://www.googleapis.com/auth/cloudplatformprojects.readonly","https://www.googleapis.com/auth/firebase","https://www.googleapis.com/auth/cloud-platform"]
[debug] [2022-08-01T07:05:32.011Z] > authorizing via signed-in user (atakilteva100@gmail.com)
[info] 
     ######## #### ########  ######## ########     ###     ######  ########
     ##        ##  ##     ## ##       ##     ##  ##   ##  ##       ##
     ######    ##  ########  ######   ########  #########  ######  ######
     ##        ##  ##    ##  ##       ##     ## ##     ##       ## ##
     ##       #### ##     ## ######## ########  ##     ##  ######  ########

You're about to initialize a Firebase project in this directory:

  C:\Users\ataki\Desktop\Evangadi\EVANGADI-FINAL-PROJECTS-2022\react-portfolio - EDIT

Before we get started, keep in mind:

  * You are initializing within an existing Firebase project directory

[info] 
=== Project Setup
[info] 
[info] First, let's associate this project directory with a Firebase project.
[info] You can create multiple project aliases by running firebase use --add, 
[info] but for now we'll just set up a default project.
[info] 
[debug] [2022-08-01T07:05:44.259Z] Using project from CLI flag: portfolio-4a99a
[debug] [2022-08-01T07:05:44.266Z] >>> [apiv2][query] GET https://firebase.googleapis.com/v1beta1/projects/portfolio-4a99a [none]
[debug] [2022-08-01T07:05:45.139Z] <<< [apiv2][status] GET https://firebase.googleapis.com/v1beta1/projects/portfolio-4a99a 403
[debug] [2022-08-01T07:05:45.140Z] <<< [apiv2][body] GET https://firebase.googleapis.com/v1beta1/projects/portfolio-4a99a {"error":{"code":403,"message":"The caller does not have permission","status":"PERMISSION_DENIED"}}
[debug] [2022-08-01T07:05:45.141Z] HTTP Error: 403, The caller does not have permission
[debug] [2022-08-01T07:05:45.649Z] FirebaseError: HTTP Error: 403, The caller does not have permission
    at responseToError (C:\Users\ataki\AppData\Roaming\npm\node_modules\firebase-tools\lib\responseToError.js:49:12)
    at RetryOperation._fn (C:\Users\ataki\AppData\Roaming\npm\node_modules\firebase-tools\lib\apiv2.js:288:77)
    at processTicksAndRejections (node:internal/process/task_queues:96:5)
[error] 
[error] Error: Failed to get Firebase project portfolio-4a99a. Please make sure the project exists and your account has permission to access it.
[debug] [2022-08-01T07:06:19.180Z] ----------------------------------------------------------------------
[debug] [2022-08-01T07:06:19.185Z] Command:       C:\Program Files\nodejs\node.exe C:\Users\ataki\AppData\Roaming\npm\node_modules\firebase-tools\lib\bin\firebase.js init
[debug] [2022-08-01T07:06:19.186Z] CLI Version:   11.4.0
[debug] [2022-08-01T07:06:19.186Z] Platform:      win32
[debug] [2022-08-01T07:06:19.187Z] Node Version:  v16.15.0
[debug] [2022-08-01T07:06:19.188Z] Time:          Mon Aug 01 2022 10:06:19 GMT+0300 (East Africa Time)
[debug] [2022-08-01T07:06:19.188Z] ----------------------------------------------------------------------
[debug] 
[debug] [2022-08-01T07:06:19.345Z] > command requires scopes: ["email","openid","https://www.googleapis.com/auth/cloudplatformprojects.readonly","https://www.googleapis.com/auth/firebase","https://www.googleapis.com/auth/cloud-platform"]
[debug] [2022-08-01T07:06:19.346Z] > authorizing via signed-in user (atakilteva100@gmail.com)
[info] 
     ######## #### ########  ######## ########     ###     ######  ########
     ##        ##  ##     ## ##       ##     ##  ##   ##  ##       ##
     ######    ##  ########  ######   ########  #########  ######  ######
     ##        ##  ##    ##  ##       ##     ## ##     ##       ## ##
     ##       #### ##     ## ######## ########  ##     ##  ######  ########

You're about to initialize a Firebase project in this directory:

  C:\Users\ataki\Desktop\Evangadi\EVANGADI-FINAL-PROJECTS-2022\react-portfolio - EDIT

Before we get started, keep in mind:

  * You are initializing within an existing Firebase project directory

[info] 
=== Project Setup
[info] 
[info] First, let's associate this project directory with a Firebase project.
[info] You can create multiple project aliases by running firebase use --add, 
[info] but for now we'll just set up a default project.
[info] 
[debug] [2022-08-01T07:06:56.324Z] Using project from CLI flag: portfolio-4a99a
[debug] [2022-08-01T07:06:56.329Z] >>> [apiv2][query] GET https://firebase.googleapis.com/v1beta1/projects/portfolio-4a99a [none]
[debug] [2022-08-01T07:06:57.131Z] <<< [apiv2][status] GET https://firebase.googleapis.com/v1beta1/projects/portfolio-4a99a 403
[debug] [2022-08-01T07:06:57.132Z] <<< [apiv2][body] GET https://firebase.googleapis.com/v1beta1/projects/portfolio-4a99a {"error":{"code":403,"message":"The caller does not have permission","status":"PERMISSION_DENIED"}}
[debug] [2022-08-01T07:06:57.133Z] HTTP Error: 403, The caller does not have permission
[debug] [2022-08-01T07:06:57.682Z] FirebaseError: HTTP Error: 403, The caller does not have permission
    at responseToError (C:\Users\ataki\AppData\Roaming\npm\node_modules\firebase-tools\lib\responseToError.js:49:12)
    at RetryOperation._fn (C:\Users\ataki\AppData\Roaming\npm\node_modules\firebase-tools\lib\apiv2.js:288:77)
    at processTicksAndRejections (node:internal/process/task_queues:96:5)
[error] 
[error] Error: Failed to get Firebase project portfolio-4a99a. Please make sure the project exists and your account has permission to access it.
